
*** Running vivado
    with args -log Pong.vds -m64 -product Vivado -mode batch -messageDb vivado.pb -notrace -source Pong.tcl


****** Vivado v2019.2 (64-bit)
  **** SW Build 2708876 on Wed Nov  6 21:40:23 MST 2019
  **** IP Build 2700528 on Thu Nov  7 00:09:20 MST 2019
    ** Copyright 1986-2019 Xilinx, Inc. All Rights Reserved.

source Pong.tcl -notrace
Command: synth_design -top Pong -part xc7a35tcpg236-1
Starting synth_design
Attempting to get a license for feature 'Synthesis' and/or device 'xc7a35t'
INFO: [Common 17-349] Got license for feature 'Synthesis' and/or device 'xc7a35t'
INFO: [Device 21-403] Loading part xc7a35tcpg236-1
INFO: Launching helper process for spawning children vivado processes
INFO: Helper process launched with PID 2116 
---------------------------------------------------------------------------------
Starting RTL Elaboration : Time (s): cpu = 00:00:05 ; elapsed = 00:00:06 . Memory (MB): peak = 770.168 ; gain = 234.250
---------------------------------------------------------------------------------
INFO: [Synth 8-638] synthesizing module 'Pong' [C:/Folders/Vakken/..UA/.Semester 3/Digitale/Pong/Pong.vhd:40]
INFO: [Synth 8-3491] module 'VGA' declared at 'C:/Folders/Vakken/..UA/.Semester 3/Digitale/Pong/VGA.vhd:5' bound to instance 'Timings' of component 'VGA' [C:/Folders/Vakken/..UA/.Semester 3/Digitale/Pong/Pong.vhd:170]
INFO: [Synth 8-638] synthesizing module 'VGA' [C:/Folders/Vakken/..UA/.Semester 3/Digitale/Pong/VGA.vhd:18]
WARNING: [Synth 8-6014] Unused sequential element counter5_reg was removed.  [C:/Folders/Vakken/..UA/.Semester 3/Digitale/Pong/VGA.vhd:70]
INFO: [Synth 8-256] done synthesizing module 'VGA' (1#1) [C:/Folders/Vakken/..UA/.Semester 3/Digitale/Pong/VGA.vhd:18]
	Parameter gWidth bound to: 5 - type: integer 
INFO: [Synth 8-3491] module 'Borders' declared at 'C:/Folders/Vakken/..UA/.Semester 3/Digitale/Pong/Borders.vhd:5' bound to instance 'Border' of component 'Borders' [C:/Folders/Vakken/..UA/.Semester 3/Digitale/Pong/Pong.vhd:182]
INFO: [Synth 8-638] synthesizing module 'Borders' [C:/Folders/Vakken/..UA/.Semester 3/Digitale/Pong/Borders.vhd:15]
	Parameter gWidth bound to: 5 - type: integer 
INFO: [Synth 8-256] done synthesizing module 'Borders' (2#1) [C:/Folders/Vakken/..UA/.Semester 3/Digitale/Pong/Borders.vhd:15]
	Parameter gBatHeight bound to: 50 - type: integer 
	Parameter gBatWidth bound to: 5 - type: integer 
	Parameter gBatOffset bound to: 16 - type: integer 
INFO: [Synth 8-3491] module 'PongBat' declared at 'C:/Folders/Vakken/..UA/.Semester 3/Digitale/Pong/PongBat.vhd:5' bound to instance 'Players' of component 'PongBat' [C:/Folders/Vakken/..UA/.Semester 3/Digitale/Pong/Pong.vhd:191]
INFO: [Synth 8-638] synthesizing module 'PongBat' [C:/Folders/Vakken/..UA/.Semester 3/Digitale/Pong/PongBat.vhd:27]
	Parameter gBatHeight bound to: 50 - type: integer 
	Parameter gBatWidth bound to: 5 - type: integer 
	Parameter gBatOffset bound to: 16 - type: integer 
INFO: [Synth 8-256] done synthesizing module 'PongBat' (3#1) [C:/Folders/Vakken/..UA/.Semester 3/Digitale/Pong/PongBat.vhd:27]
	Parameter gBallSize bound to: 5 - type: integer 
	Parameter gBatHeight bound to: 50 - type: integer 
INFO: [Synth 8-3491] module 'Ball' declared at 'C:/Folders/Vakken/..UA/.Semester 3/Digitale/Pong/Ball.vhd:5' bound to instance 'BallPos' of component 'Ball' [C:/Folders/Vakken/..UA/.Semester 3/Digitale/Pong/Pong.vhd:212]
INFO: [Synth 8-638] synthesizing module 'Ball' [C:/Folders/Vakken/..UA/.Semester 3/Digitale/Pong/Ball.vhd:24]
	Parameter gBallSize bound to: 5 - type: integer 
	Parameter gBatHeight bound to: 50 - type: integer 
INFO: [Synth 8-256] done synthesizing module 'Ball' (4#1) [C:/Folders/Vakken/..UA/.Semester 3/Digitale/Pong/Ball.vhd:24]
	Parameter gBallSize bound to: 5 - type: integer 
INFO: [Synth 8-3491] module 'Scorebord' declared at 'C:/Folders/Vakken/..UA/.Semester 3/Digitale/Pong/Scorebord.vhd:5' bound to instance 'Score' of component 'Scorebord' [C:/Folders/Vakken/..UA/.Semester 3/Digitale/Pong/Pong.vhd:227]
INFO: [Synth 8-638] synthesizing module 'Scorebord' [C:/Folders/Vakken/..UA/.Semester 3/Digitale/Pong/Scorebord.vhd:15]
	Parameter gBallSize bound to: 5 - type: integer 
INFO: [Synth 8-256] done synthesizing module 'Scorebord' (5#1) [C:/Folders/Vakken/..UA/.Semester 3/Digitale/Pong/Scorebord.vhd:15]
	Parameter seed bound to: 12'b000000000001 
INFO: [Synth 8-3491] module 'Random' declared at 'C:/Folders/Vakken/..UA/.Semester 3/Digitale/Pong/Random.vhd:5' bound to instance 'RandomColor' of component 'Random' [C:/Folders/Vakken/..UA/.Semester 3/Digitale/Pong/Pong.vhd:236]
INFO: [Synth 8-638] synthesizing module 'Random' [C:/Folders/Vakken/..UA/.Semester 3/Digitale/Pong/Random.vhd:13]
	Parameter seed bound to: 12'b000000000001 
INFO: [Synth 8-256] done synthesizing module 'Random' (6#1) [C:/Folders/Vakken/..UA/.Semester 3/Digitale/Pong/Random.vhd:13]
INFO: [Synth 8-3491] module 'Background' declared at 'C:/Folders/Vakken/..UA/.Semester 3/Digitale/Pong/Background.vhd:5' bound to instance 'BackgroundColor' of component 'Background' [C:/Folders/Vakken/..UA/.Semester 3/Digitale/Pong/Pong.vhd:255]
INFO: [Synth 8-638] synthesizing module 'Background' [C:/Folders/Vakken/..UA/.Semester 3/Digitale/Pong/Background.vhd:13]
INFO: [Synth 8-256] done synthesizing module 'Background' (7#1) [C:/Folders/Vakken/..UA/.Semester 3/Digitale/Pong/Background.vhd:13]
INFO: [Synth 8-256] done synthesizing module 'Pong' (8#1) [C:/Folders/Vakken/..UA/.Semester 3/Digitale/Pong/Pong.vhd:40]
---------------------------------------------------------------------------------
Finished RTL Elaboration : Time (s): cpu = 00:00:07 ; elapsed = 00:00:07 . Memory (MB): peak = 843.551 ; gain = 307.633
---------------------------------------------------------------------------------

Report Check Netlist: 
+------+------------------+-------+---------+-------+------------------+
|      |Item              |Errors |Warnings |Status |Description       |
+------+------------------+-------+---------+-------+------------------+
|1     |multi_driven_nets |      0|        0|Passed |Multi driven nets |
+------+------------------+-------+---------+-------+------------------+
---------------------------------------------------------------------------------
Start Handling Custom Attributes
---------------------------------------------------------------------------------
---------------------------------------------------------------------------------
Finished Handling Custom Attributes : Time (s): cpu = 00:00:07 ; elapsed = 00:00:08 . Memory (MB): peak = 843.551 ; gain = 307.633
---------------------------------------------------------------------------------
---------------------------------------------------------------------------------
Finished RTL Optimization Phase 1 : Time (s): cpu = 00:00:07 ; elapsed = 00:00:08 . Memory (MB): peak = 843.551 ; gain = 307.633
---------------------------------------------------------------------------------
Netlist sorting complete. Time (s): cpu = 00:00:00 ; elapsed = 00:00:00.017 . Memory (MB): peak = 843.551 ; gain = 0.000
INFO: [Project 1-570] Preparing netlist for logic optimization

Processing XDC Constraints
Initializing timing engine
Parsing XDC File [C:/Folders/Vakken/FPGA Programming/pong/Basys3_Master.xdc]
Finished Parsing XDC File [C:/Folders/Vakken/FPGA Programming/pong/Basys3_Master.xdc]
INFO: [Project 1-236] Implementation specific constraints were found while reading constraint file [C:/Folders/Vakken/FPGA Programming/pong/Basys3_Master.xdc]. These constraints will be ignored for synthesis but will be used in implementation. Impacted constraints are listed in the file [.Xil/Pong_propImpl.xdc].
Resolution: To avoid this warning, move constraints listed in [.Xil/Pong_propImpl.xdc] to another XDC file and exclude this new file from synthesis with the used_in_synthesis property (File Properties dialog in GUI) and re-run elaboration/synthesis.
Completed Processing XDC Constraints

Netlist sorting complete. Time (s): cpu = 00:00:00 ; elapsed = 00:00:00 . Memory (MB): peak = 945.898 ; gain = 0.000
INFO: [Project 1-111] Unisim Transformation Summary:
No Unisim elements were transformed.

Constraint Validation Runtime : Time (s): cpu = 00:00:00 ; elapsed = 00:00:00.006 . Memory (MB): peak = 945.898 ; gain = 0.000
---------------------------------------------------------------------------------
Finished Constraint Validation : Time (s): cpu = 00:00:16 ; elapsed = 00:00:17 . Memory (MB): peak = 945.898 ; gain = 409.980
---------------------------------------------------------------------------------
---------------------------------------------------------------------------------
Start Loading Part and Timing Information
---------------------------------------------------------------------------------
Loading part: xc7a35tcpg236-1
---------------------------------------------------------------------------------
Finished Loading Part and Timing Information : Time (s): cpu = 00:00:16 ; elapsed = 00:00:17 . Memory (MB): peak = 945.898 ; gain = 409.980
---------------------------------------------------------------------------------
---------------------------------------------------------------------------------
Start Applying 'set_property' XDC Constraints
---------------------------------------------------------------------------------
---------------------------------------------------------------------------------
Finished applying 'set_property' XDC Constraints : Time (s): cpu = 00:00:16 ; elapsed = 00:00:17 . Memory (MB): peak = 945.898 ; gain = 409.980
---------------------------------------------------------------------------------
INFO: [Synth 8-5544] ROM "cSegm[0]" won't be mapped to Block RAM because address size (4) smaller than threshold (5)
INFO: [Synth 8-5544] ROM "cSegm[0]" won't be mapped to Block RAM because address size (4) smaller than threshold (5)
INFO: [Synth 8-5544] ROM "cSegm[0]" won't be mapped to Block RAM because address size (4) smaller than threshold (5)
INFO: [Synth 8-5544] ROM "cSegm[0]" won't be mapped to Block RAM because address size (4) smaller than threshold (5)
INFO: [Synth 8-5818] HDL ADVISOR - The operator resource <adder> is shared. To prevent sharing consider applying a KEEP on the output of the operator [C:/Folders/Vakken/..UA/.Semester 3/Digitale/Pong/Background.vhd:40]
INFO: [Synth 8-5818] HDL ADVISOR - The operator resource <adder> is shared. To prevent sharing consider applying a KEEP on the output of the operator [C:/Folders/Vakken/..UA/.Semester 3/Digitale/Pong/Background.vhd:40]
INFO: [Synth 8-5818] HDL ADVISOR - The operator resource <adder> is shared. To prevent sharing consider applying a KEEP on the output of the operator [C:/Folders/Vakken/..UA/.Semester 3/Digitale/Pong/Background.vhd:40]
INFO: [Synth 8-802] inferred FSM for state register 'counter1_reg' in module 'Background'
---------------------------------------------------------------------------------------------------
                   State |                     New Encoding |                Previous Encoding 
---------------------------------------------------------------------------------------------------
                 iSTATE0 |                              001 |                               00
                 iSTATE1 |                              010 |                               01
                  iSTATE |                              100 |                               10
*
---------------------------------------------------------------------------------------------------
INFO: [Synth 8-3354] encoded FSM with state register 'counter1_reg' using encoding 'one-hot' in module 'Background'
---------------------------------------------------------------------------------
Finished RTL Optimization Phase 2 : Time (s): cpu = 00:00:17 ; elapsed = 00:00:18 . Memory (MB): peak = 945.898 ; gain = 409.980
---------------------------------------------------------------------------------

Report RTL Partitions: 
+-+--------------+------------+----------+
| |RTL Partition |Replication |Instances |
+-+--------------+------------+----------+
+-+--------------+------------+----------+
---------------------------------------------------------------------------------
Start RTL Component Statistics 
---------------------------------------------------------------------------------
Detailed RTL Component Info : 
+---Adders : 
	   2 Input     32 Bit       Adders := 5     
	   2 Input     11 Bit       Adders := 2     
	   2 Input     10 Bit       Adders := 6     
	   2 Input      9 Bit       Adders := 7     
	   2 Input      7 Bit       Adders := 4     
	   2 Input      4 Bit       Adders := 3     
	   2 Input      3 Bit       Adders := 1     
+---XORs : 
	   4 Input      1 Bit         XORs := 1     
+---Registers : 
	               12 Bit    Registers := 1     
	               10 Bit    Registers := 4     
	                9 Bit    Registers := 3     
	                7 Bit    Registers := 5     
	                4 Bit    Registers := 4     
	                3 Bit    Registers := 1     
	                1 Bit    Registers := 13    
+---Muxes : 
	   2 Input     10 Bit        Muxes := 4     
	   2 Input      9 Bit        Muxes := 17    
	   4 Input      7 Bit        Muxes := 3     
	   2 Input      7 Bit        Muxes := 4     
	   2 Input      4 Bit        Muxes := 7     
	   4 Input      4 Bit        Muxes := 1     
	   5 Input      4 Bit        Muxes := 3     
	   3 Input      3 Bit        Muxes := 1     
	   2 Input      2 Bit        Muxes := 2     
	   2 Input      1 Bit        Muxes := 27    
	   5 Input      1 Bit        Muxes := 1     
	   3 Input      1 Bit        Muxes := 4     
---------------------------------------------------------------------------------
Finished RTL Component Statistics 
---------------------------------------------------------------------------------
---------------------------------------------------------------------------------
Start RTL Hierarchical Component Statistics 
---------------------------------------------------------------------------------
Hierarchical RTL Component report 
Module Pong 
Detailed RTL Component Info : 
+---Muxes : 
	   2 Input      4 Bit        Muxes := 6     
Module VGA 
Detailed RTL Component Info : 
+---Adders : 
	   2 Input     10 Bit       Adders := 2     
+---Registers : 
	               10 Bit    Registers := 2     
	                1 Bit    Registers := 5     
+---Muxes : 
	   2 Input      1 Bit        Muxes := 4     
Module PongBat 
Detailed RTL Component Info : 
+---Adders : 
	   2 Input     32 Bit       Adders := 2     
	   2 Input      9 Bit       Adders := 4     
+---Registers : 
	                9 Bit    Registers := 2     
	                1 Bit    Registers := 2     
+---Muxes : 
	   2 Input      9 Bit        Muxes := 14    
	   2 Input      1 Bit        Muxes := 8     
Module Ball 
Detailed RTL Component Info : 
+---Adders : 
	   2 Input     32 Bit       Adders := 3     
	   2 Input     11 Bit       Adders := 1     
	   2 Input     10 Bit       Adders := 3     
	   2 Input      9 Bit       Adders := 3     
+---Registers : 
	               10 Bit    Registers := 1     
	                9 Bit    Registers := 1     
	                1 Bit    Registers := 3     
+---Muxes : 
	   2 Input     10 Bit        Muxes := 3     
	   2 Input      9 Bit        Muxes := 3     
	   2 Input      1 Bit        Muxes := 5     
	   5 Input      1 Bit        Muxes := 1     
Module Scorebord 
Detailed RTL Component Info : 
+---Adders : 
	   2 Input     11 Bit       Adders := 1     
	   2 Input     10 Bit       Adders := 1     
	   2 Input      7 Bit       Adders := 4     
	   2 Input      3 Bit       Adders := 1     
+---Registers : 
	               10 Bit    Registers := 1     
	                7 Bit    Registers := 5     
	                4 Bit    Registers := 1     
	                3 Bit    Registers := 1     
	                1 Bit    Registers := 2     
+---Muxes : 
	   2 Input     10 Bit        Muxes := 1     
	   4 Input      7 Bit        Muxes := 3     
	   2 Input      7 Bit        Muxes := 4     
	   2 Input      4 Bit        Muxes := 1     
	   4 Input      4 Bit        Muxes := 1     
	   2 Input      1 Bit        Muxes := 4     
Module Random 
Detailed RTL Component Info : 
+---XORs : 
	   4 Input      1 Bit         XORs := 1     
+---Registers : 
	               12 Bit    Registers := 1     
+---Muxes : 
	   5 Input      4 Bit        Muxes := 3     
Module Background 
Detailed RTL Component Info : 
+---Adders : 
	   2 Input      4 Bit       Adders := 3     
+---Registers : 
	                4 Bit    Registers := 3     
	                1 Bit    Registers := 1     
+---Muxes : 
	   3 Input      3 Bit        Muxes := 1     
	   2 Input      2 Bit        Muxes := 2     
	   2 Input      1 Bit        Muxes := 6     
	   3 Input      1 Bit        Muxes := 4     
---------------------------------------------------------------------------------
Finished RTL Hierarchical Component Statistics
---------------------------------------------------------------------------------
---------------------------------------------------------------------------------
Start Part Resource Summary
---------------------------------------------------------------------------------
Part Resources:
DSPs: 90 (col length:60)
BRAMs: 100 (col length: RAMB18 60 RAMB36 30)
---------------------------------------------------------------------------------
Finished Part Resource Summary
---------------------------------------------------------------------------------
---------------------------------------------------------------------------------
Start Cross Boundary and Area Optimization
---------------------------------------------------------------------------------
Warning: Parallel synthesis criteria is not met 
INFO: [Synth 8-4471] merging register 'scoreP2_reg[6:0]' into 'scoreP2_reg[6:0]' [C:/Folders/Vakken/..UA/.Semester 3/Digitale/Pong/Scorebord.vhd:54]
INFO: [Synth 8-4471] merging register 'scoreP1_reg[6:0]' into 'scoreP1_reg[6:0]' [C:/Folders/Vakken/..UA/.Semester 3/Digitale/Pong/Scorebord.vhd:50]
---------------------------------------------------------------------------------
Finished Cross Boundary and Area Optimization : Time (s): cpu = 00:00:25 ; elapsed = 00:00:27 . Memory (MB): peak = 945.898 ; gain = 409.980
---------------------------------------------------------------------------------

Report RTL Partitions: 
+-+--------------+------------+----------+
| |RTL Partition |Replication |Instances |
+-+--------------+------------+----------+
+-+--------------+------------+----------+
---------------------------------------------------------------------------------
Start Applying XDC Timing Constraints
---------------------------------------------------------------------------------
---------------------------------------------------------------------------------
Finished Applying XDC Timing Constraints : Time (s): cpu = 00:00:35 ; elapsed = 00:00:36 . Memory (MB): peak = 945.898 ; gain = 409.980
---------------------------------------------------------------------------------
---------------------------------------------------------------------------------
Start Timing Optimization
---------------------------------------------------------------------------------
---------------------------------------------------------------------------------
Finished Timing Optimization : Time (s): cpu = 00:00:35 ; elapsed = 00:00:36 . Memory (MB): peak = 946.746 ; gain = 410.828
---------------------------------------------------------------------------------

Report RTL Partitions: 
+-+--------------+------------+----------+
| |RTL Partition |Replication |Instances |
+-+--------------+------------+----------+
+-+--------------+------------+----------+
---------------------------------------------------------------------------------
Start Technology Mapping
---------------------------------------------------------------------------------
---------------------------------------------------------------------------------
Finished Technology Mapping : Time (s): cpu = 00:00:35 ; elapsed = 00:00:37 . Memory (MB): peak = 959.488 ; gain = 423.570
---------------------------------------------------------------------------------

Report RTL Partitions: 
+-+--------------+------------+----------+
| |RTL Partition |Replication |Instances |
+-+--------------+------------+----------+
+-+--------------+------------+----------+
---------------------------------------------------------------------------------
Start IO Insertion
---------------------------------------------------------------------------------
---------------------------------------------------------------------------------
Start Flattening Before IO Insertion
---------------------------------------------------------------------------------
---------------------------------------------------------------------------------
Finished Flattening Before IO Insertion
---------------------------------------------------------------------------------
---------------------------------------------------------------------------------
Start Final Netlist Cleanup
---------------------------------------------------------------------------------
---------------------------------------------------------------------------------
Finished Final Netlist Cleanup
---------------------------------------------------------------------------------
---------------------------------------------------------------------------------
Finished IO Insertion : Time (s): cpu = 00:00:41 ; elapsed = 00:00:42 . Memory (MB): peak = 965.238 ; gain = 429.320
---------------------------------------------------------------------------------
---------------------------------------------------------------------------------
Start Renaming Generated Instances
---------------------------------------------------------------------------------
---------------------------------------------------------------------------------
Finished Renaming Generated Instances : Time (s): cpu = 00:00:41 ; elapsed = 00:00:42 . Memory (MB): peak = 965.238 ; gain = 429.320
---------------------------------------------------------------------------------

Report RTL Partitions: 
+-+--------------+------------+----------+
| |RTL Partition |Replication |Instances |
+-+--------------+------------+----------+
+-+--------------+------------+----------+

Report Check Netlist: 
+------+------------------+-------+---------+-------+------------------+
|      |Item              |Errors |Warnings |Status |Description       |
+------+------------------+-------+---------+-------+------------------+
|1     |multi_driven_nets |      0|        0|Passed |Multi driven nets |
+------+------------------+-------+---------+-------+------------------+
---------------------------------------------------------------------------------
Start Rebuilding User Hierarchy
---------------------------------------------------------------------------------
---------------------------------------------------------------------------------
Finished Rebuilding User Hierarchy : Time (s): cpu = 00:00:41 ; elapsed = 00:00:42 . Memory (MB): peak = 965.238 ; gain = 429.320
---------------------------------------------------------------------------------
---------------------------------------------------------------------------------
Start Renaming Generated Ports
---------------------------------------------------------------------------------
---------------------------------------------------------------------------------
Finished Renaming Generated Ports : Time (s): cpu = 00:00:41 ; elapsed = 00:00:42 . Memory (MB): peak = 965.238 ; gain = 429.320
---------------------------------------------------------------------------------
---------------------------------------------------------------------------------
Start Handling Custom Attributes
---------------------------------------------------------------------------------
---------------------------------------------------------------------------------
Finished Handling Custom Attributes : Time (s): cpu = 00:00:41 ; elapsed = 00:00:42 . Memory (MB): peak = 965.238 ; gain = 429.320
---------------------------------------------------------------------------------
---------------------------------------------------------------------------------
Start Renaming Generated Nets
---------------------------------------------------------------------------------
---------------------------------------------------------------------------------
Finished Renaming Generated Nets : Time (s): cpu = 00:00:41 ; elapsed = 00:00:42 . Memory (MB): peak = 965.238 ; gain = 429.320
---------------------------------------------------------------------------------
---------------------------------------------------------------------------------
Start Writing Synthesis Report
---------------------------------------------------------------------------------

Report BlackBoxes: 
+-+--------------+----------+
| |BlackBox name |Instances |
+-+--------------+----------+
+-+--------------+----------+

Report Cell Usage: 
+------+-------+------+
|      |Cell   |Count |
+------+-------+------+
|1     |BUFG   |     2|
|2     |CARRY4 |    59|
|3     |LUT1   |    19|
|4     |LUT2   |    36|
|5     |LUT3   |    46|
|6     |LUT4   |   182|
|7     |LUT5   |   104|
|8     |LUT6   |   194|
|9     |FDRE   |   197|
|10    |FDSE   |    13|
|11    |IBUF   |    10|
|12    |OBUF   |    25|
+------+-------+------+

Report Instance Areas: 
+------+------------------+-----------+------+
|      |Instance          |Module     |Cells |
+------+------------------+-----------+------+
|1     |top               |           |   887|
|2     |  BackgroundColor |Background |    73|
|3     |  BallPos         |Ball       |   202|
|4     |  Players         |PongBat    |   173|
|5     |  RandomColor     |Random     |    25|
|6     |  Score           |Scorebord  |   160|
|7     |  Timings         |VGA        |   217|
+------+------------------+-----------+------+
---------------------------------------------------------------------------------
Finished Writing Synthesis Report : Time (s): cpu = 00:00:41 ; elapsed = 00:00:42 . Memory (MB): peak = 965.238 ; gain = 429.320
---------------------------------------------------------------------------------
Synthesis finished with 0 errors, 0 critical warnings and 0 warnings.
Synthesis Optimization Runtime : Time (s): cpu = 00:00:31 ; elapsed = 00:00:39 . Memory (MB): peak = 965.238 ; gain = 326.973
Synthesis Optimization Complete : Time (s): cpu = 00:00:41 ; elapsed = 00:00:42 . Memory (MB): peak = 965.238 ; gain = 429.320
INFO: [Project 1-571] Translating synthesized netlist
Netlist sorting complete. Time (s): cpu = 00:00:00 ; elapsed = 00:00:00.021 . Memory (MB): peak = 977.320 ; gain = 0.000
INFO: [Netlist 29-17] Analyzing 59 Unisim elements for replacement
INFO: [Netlist 29-28] Unisim Transformation completed in 0 CPU seconds
INFO: [Project 1-570] Preparing netlist for logic optimization
INFO: [Opt 31-138] Pushed 0 inverter(s) to 0 load pin(s).
Netlist sorting complete. Time (s): cpu = 00:00:00 ; elapsed = 00:00:00 . Memory (MB): peak = 977.320 ; gain = 0.000
INFO: [Project 1-111] Unisim Transformation Summary:
No Unisim elements were transformed.

INFO: [Common 17-83] Releasing license: Synthesis
46 Infos, 1 Warnings, 0 Critical Warnings and 0 Errors encountered.
synth_design completed successfully
synth_design: Time (s): cpu = 00:00:48 ; elapsed = 00:00:49 . Memory (MB): peak = 977.320 ; gain = 679.203
Netlist sorting complete. Time (s): cpu = 00:00:00 ; elapsed = 00:00:00.001 . Memory (MB): peak = 977.320 ; gain = 0.000
WARNING: [Constraints 18-5210] No constraints selected for write.
Resolution: This message can indicate that there are no constraints for the design, or it can indicate that the used_in flags are set such that the constraints are ignored. This later case is used when running synth_design to not write synthesis constraints to the resulting checkpoint. Instead, project constraints are read when the synthesized design is opened.
INFO: [Common 17-1381] The checkpoint 'C:/Folders/Vakken/FPGA Programming/pong/pong.runs/synth_1/Pong.dcp' has been generated.
INFO: [runtcl-4] Executing : report_utilization -file Pong_utilization_synth.rpt -pb Pong_utilization_synth.pb
INFO: [Common 17-206] Exiting Vivado at Wed Feb 23 11:54:41 2022...
